<?xml version="1.0" encoding="UTF-8"?>
<testng-results skipped="0" failed="0" ignored="0" total="1" passed="1">
  <reporter-output>
  </reporter-output>
  <suite name="com.testscripts.TestingAPK" duration-ms="8171" started-at="2020-11-09T07:41:25Z" finished-at="2020-11-09T07:41:33Z">
    <groups>
    </groups>
    <test name="Command line test" duration-ms="8171" started-at="2020-11-09T07:41:25Z" finished-at="2020-11-09T07:41:33Z">
      <class name="com.testscripts.TestingAPK">
        <test-method status="PASS" signature="beforeClass()[pri:0, instance:com.testscripts.TestingAPK@47f6473]" name="beforeClass" is-config="true" duration-ms="8126" started-at="2020-11-09T07:41:25Z" finished-at="2020-11-09T07:41:33Z">
          <reporter-output>
          </reporter-output>
        </test-method> <!-- beforeClass -->
        <test-method status="PASS" signature="test1()[pri:0, instance:com.testscripts.TestingAPK@47f6473]" name="test1" duration-ms="11" started-at="2020-11-09T07:41:33Z" finished-at="2020-11-09T07:41:33Z">
          <reporter-output>
          </reporter-output>
        </test-method> <!-- test1 -->
      </class> <!-- com.testscripts.TestingAPK -->
    </test> <!-- Command line test -->
  </suite> <!-- com.testscripts.TestingAPK -->
</testng-results>
